{"email":"a.minta@netisgroup.net","environment":"development","level":"info","message":"User credentials verified successfully via Firebase REST API","service":"netistrackgh-backend","timestamp":"2025-12-03 23:43:59","userId":"7c9bQvASjSg7Q9huHRaxr5Nz0Yw1"}
{"email":"a.minta@netisgroup.net","environment":"development","level":"info","message":"User credentials verified successfully via Firebase REST API","service":"netistrackgh-backend","timestamp":"2025-12-03 23:44:34","userId":"7c9bQvASjSg7Q9huHRaxr5Nz0Yw1"}
{"email":"o.asare@netisgroup.net","environment":"development","level":"info","message":"User credentials verified successfully via Firebase REST API","service":"netistrackgh-backend","timestamp":"2025-12-03 23:44:34","userId":"nL6L0zaTYphxVpcZ2UDz1mwRF042"}
{"email":"o.asare@netisgroup.net","environment":"development","level":"info","message":"User credentials verified successfully via Firebase REST API","service":"netistrackgh-backend","timestamp":"2025-12-03 23:44:34","userId":"nL6L0zaTYphxVpcZ2UDz1mwRF042"}
{"environment":"development","level":"info","message":"User authenticated: o.asare@netisgroup.net","service":"netistrackgh-backend","timestamp":"2025-12-03 23:44:38","userId":"nL6L0zaTYphxVpcZ2UDz1mwRF042"}
{"environment":"development","level":"info","message":"User authenticated: o.asare@netisgroup.net","service":"netistrackgh-backend","timestamp":"2025-12-03 23:44:38","userId":"nL6L0zaTYphxVpcZ2UDz1mwRF042"}
{"environment":"development","level":"info","message":"User authenticated: a.minta@netisgroup.net","service":"netistrackgh-backend","timestamp":"2025-12-03 23:45:07","userId":"7c9bQvASjSg7Q9huHRaxr5Nz0Yw1"}
{"environment":"development","level":"info","message":"User authenticated: a.minta@netisgroup.net","service":"netistrackgh-backend","timestamp":"2025-12-03 23:45:08","userId":"7c9bQvASjSg7Q9huHRaxr5Nz0Yw1"}
{"email":"o.asare@netisgroup.net","environment":"development","level":"info","message":"User credentials verified successfully via Firebase REST API","service":"netistrackgh-backend","timestamp":"2025-12-03 23:48:41","userId":"nL6L0zaTYphxVpcZ2UDz1mwRF042"}
{"email":"o.asare@netisgroup.net","environment":"development","level":"info","message":"User credentials verified successfully via Firebase REST API","service":"netistrackgh-backend","timestamp":"2025-12-03 23:48:41","userId":"nL6L0zaTYphxVpcZ2UDz1mwRF042"}
{"environment":"development","level":"info","message":"User authenticated: o.asare@netisgroup.net","service":"netistrackgh-backend","timestamp":"2025-12-03 23:48:43","userId":"nL6L0zaTYphxVpcZ2UDz1mwRF042"}
{"environment":"development","level":"info","message":"User authenticated: o.asare@netisgroup.net","service":"netistrackgh-backend","timestamp":"2025-12-03 23:48:44","userId":"nL6L0zaTYphxVpcZ2UDz1mwRF042"}
{"email":"a.minta@netisgroup.net","environment":"development","errorCode":"INVALID_LOGIN_CREDENTIALS","level":"warn","message":"Firebase authentication failed","service":"netistrackgh-backend","status":400,"timestamp":"2025-12-03 23:53:41"}
{"email":"a.minta@netisgroup.net","environment":"development","errorCode":"INVALID_LOGIN_CREDENTIALS","level":"warn","message":"Firebase authentication failed","service":"netistrackgh-backend","status":400,"timestamp":"2025-12-03 23:53:41"}
{"email":"a.minta@netisgroup.net","environment":"development","level":"info","message":"User credentials verified successfully via Firebase REST API","service":"netistrackgh-backend","timestamp":"2025-12-03 23:53:51","userId":"7c9bQvASjSg7Q9huHRaxr5Nz0Yw1"}
{"environment":"development","level":"info","message":"User authenticated: a.minta@netisgroup.net","service":"netistrackgh-backend","timestamp":"2025-12-03 23:53:54","userId":"7c9bQvASjSg7Q9huHRaxr5Nz0Yw1"}
{"email":"o.asare@netisgroup.net","environment":"development","level":"info","message":"User credentials verified successfully via Firebase REST API","service":"netistrackgh-backend","timestamp":"2025-12-04 00:05:50","userId":"nL6L0zaTYphxVpcZ2UDz1mwRF042"}
{"environment":"development","level":"info","message":"User authenticated: o.asare@netisgroup.net","service":"netistrackgh-backend","timestamp":"2025-12-04 00:05:53","userId":"nL6L0zaTYphxVpcZ2UDz1mwRF042"}
{"email":"o.asare@netisgroup.net","environment":"development","level":"info","message":"User credentials verified successfully via Firebase REST API","service":"netistrackgh-backend","timestamp":"2025-12-04 01:19:49","userId":"nL6L0zaTYphxVpcZ2UDz1mwRF042"}
{"email":"o.asare@netisgroup.net","environment":"development","level":"info","message":"User credentials verified successfully via Firebase REST API","service":"netistrackgh-backend","timestamp":"2025-12-04 01:19:50","userId":"nL6L0zaTYphxVpcZ2UDz1mwRF042"}
{"environment":"development","level":"info","message":"User authenticated: o.asare@netisgroup.net","service":"netistrackgh-backend","timestamp":"2025-12-04 01:20:14","userId":"nL6L0zaTYphxVpcZ2UDz1mwRF042"}
{"environment":"development","level":"info","message":"User authenticated: o.asare@netisgroup.net","service":"netistrackgh-backend","timestamp":"2025-12-04 01:20:14","userId":"nL6L0zaTYphxVpcZ2UDz1mwRF042"}
{"email":"a.minta@netisgroup.net","environment":"development","level":"info","message":"User credentials verified successfully via Firebase REST API","service":"netistrackgh-backend","timestamp":"2025-12-04 01:51:20","userId":"7c9bQvASjSg7Q9huHRaxr5Nz0Yw1"}
{"email":"a.minta@netisgroup.net","environment":"development","level":"info","message":"User credentials verified successfully via Firebase REST API","service":"netistrackgh-backend","timestamp":"2025-12-04 01:51:20","userId":"7c9bQvASjSg7Q9huHRaxr5Nz0Yw1"}
{"environment":"development","level":"info","message":"User authenticated: a.minta@netisgroup.net","service":"netistrackgh-backend","timestamp":"2025-12-04 01:51:23","userId":"7c9bQvASjSg7Q9huHRaxr5Nz0Yw1"}
{"environment":"development","level":"info","message":"User authenticated: a.minta@netisgroup.net","service":"netistrackgh-backend","timestamp":"2025-12-04 01:51:24","userId":"7c9bQvASjSg7Q9huHRaxr5Nz0Yw1"}
{"email":"o.asare@netisgroup.net","environment":"development","level":"info","message":"User credentials verified successfully via Firebase REST API","service":"netistrackgh-backend","timestamp":"2025-12-04 02:24:22","userId":"nL6L0zaTYphxVpcZ2UDz1mwRF042"}
{"email":"o.asare@netisgroup.net","environment":"development","level":"info","message":"User credentials verified successfully via Firebase REST API","service":"netistrackgh-backend","timestamp":"2025-12-04 02:24:24","userId":"nL6L0zaTYphxVpcZ2UDz1mwRF042"}
{"environment":"development","level":"info","message":"User authenticated: o.asare@netisgroup.net","service":"netistrackgh-backend","timestamp":"2025-12-04 02:24:48","userId":"nL6L0zaTYphxVpcZ2UDz1mwRF042"}
{"environment":"development","level":"info","message":"User authenticated: o.asare@netisgroup.net","service":"netistrackgh-backend","timestamp":"2025-12-04 02:24:48","userId":"nL6L0zaTYphxVpcZ2UDz1mwRF042"}
{"email":"o.asare@netisgroup.net","environment":"development","level":"info","message":"User credentials verified successfully via Firebase REST API","service":"netistrackgh-backend","timestamp":"2025-12-04 02:31:50","userId":"nL6L0zaTYphxVpcZ2UDz1mwRF042"}
{"email":"o.asare@netisgroup.net","environment":"development","level":"info","message":"User credentials verified successfully via Firebase REST API","service":"netistrackgh-backend","timestamp":"2025-12-04 02:31:50","userId":"nL6L0zaTYphxVpcZ2UDz1mwRF042"}
{"environment":"development","level":"info","message":"User authenticated: o.asare@netisgroup.net","service":"netistrackgh-backend","timestamp":"2025-12-04 02:31:53","userId":"nL6L0zaTYphxVpcZ2UDz1mwRF042"}
{"environment":"development","level":"info","message":"User authenticated: o.asare@netisgroup.net","service":"netistrackgh-backend","timestamp":"2025-12-04 02:31:53","userId":"nL6L0zaTYphxVpcZ2UDz1mwRF042"}
{"email":"o.asare@netisgroup.net","environment":"development","level":"info","message":"User credentials verified successfully via Firebase REST API","service":"netistrackgh-backend","timestamp":"2025-12-04 02:44:09","userId":"nL6L0zaTYphxVpcZ2UDz1mwRF042"}
{"environment":"development","level":"info","message":"User authenticated: o.asare@netisgroup.net","service":"netistrackgh-backend","timestamp":"2025-12-04 02:44:12","userId":"nL6L0zaTYphxVpcZ2UDz1mwRF042"}
{"email":"a.minta@netisgroup.net","environment":"development","level":"info","message":"User credentials verified successfully via Firebase REST API","service":"netistrackgh-backend","timestamp":"2025-12-04 02:57:54","userId":"7c9bQvASjSg7Q9huHRaxr5Nz0Yw1"}
{"environment":"development","level":"info","message":"User authenticated: a.minta@netisgroup.net","service":"netistrackgh-backend","timestamp":"2025-12-04 02:57:57","userId":"7c9bQvASjSg7Q9huHRaxr5Nz0Yw1"}
